<?xml version="1.0" encoding="UTF-8"?>
<!-- Generated by org.testng.reporters.JUnitReportReporter -->
<testsuite hostname="LAPTOP-M8MK31VD" failures="0" tests="2" name="testngdiscussion.ExcludeAndIncludeMethods" time="0.007" errors="0" timestamp="2022-10-15T12:05:53 IST" skipped="0">
  <testcase classname="testngdiscussion.ExcludeAndIncludeMethods" name="testOne" time="0.006"/>
  <system-out/>
  <testcase classname="testngdiscussion.ExcludeAndIncludeMethods" name="testTwo" time="0.001"/>
  <system-out/>
</testsuite> <!-- testngdiscussion.ExcludeAndIncludeMethods -->
