<?xml version="1.0" encoding="UTF-8"?>
<!-- Generated by org.testng.reporters.JUnitReportReporter -->
<testsuite hostname="MSI" failures="0" tests="4" name="testngdiscussion.DependsOnMethods" time="0.016" errors="0" timestamp="2022-11-18T23:45:42 IST" skipped="0">
  <testcase classname="testngdiscussion.DependsOnMethods" name="navigateToUrl" time="0.011"/>
  <system-out>
    <![CDATA[Navigate to url Method]]>
  </system-out>
  <testcase classname="testngdiscussion.DependsOnMethods" name="login" time="0.001"/>
  <system-out>
    <![CDATA[Login Method]]>
  </system-out>
  <testcase classname="testngdiscussion.DependsOnMethods" name="dashboard" time="0.003"/>
  <system-out>
    <![CDATA[dashboard Method]]>
  </system-out>
  <testcase classname="testngdiscussion.DependsOnMethods" name="logout" time="0.001"/>
  <system-out>
    <![CDATA[logout Method]]>
  </system-out>
</testsuite> <!-- testngdiscussion.DependsOnMethods -->
