<?xml version="1.0" encoding="UTF-8"?>
<!-- Generated by org.testng.reporters.JUnitReportReporter -->
<testsuite hostname="LAPTOP-M8MK31VD" failures="0" tests="3" name="testngdiscussion.Test3" time="0.004" errors="0" timestamp="2022-10-09T22:13:31 IST" skipped="0">
  <testcase classname="testngdiscussion.Test3" name="testCase3" time="0.001"/>
  <system-out>
    <![CDATA[This is test case 3 from Test3 class]]>
  </system-out>
  <testcase classname="testngdiscussion.Test3" name="testCase2" time="0.001"/>
  <system-out>
    <![CDATA[This is test case 2 from Test3 class]]>
  </system-out>
  <testcase classname="testngdiscussion.Test3" name="testCase1" time="0.002"/>
  <system-out>
    <![CDATA[This is test case 1 from Test3 class]]>
  </system-out>
</testsuite> <!-- testngdiscussion.Test3 -->
