<?xml version="1.0" encoding="UTF-8"?>
<!-- Generated by org.testng.reporters.JUnitReportReporter -->
<testsuite hostname="MSI" failures="0" tests="2" name="testngdiscussion.AnnotationsInTestNG" time="0.011" errors="0" timestamp="2022-11-20T10:48:55 IST" skipped="0">
  <testcase classname="testngdiscussion.AnnotationsInTestNG" name="testCase1" time="0.010"/>
  <system-out>
    <![CDATA[Testing of dropdown]]>
  </system-out>
  <testcase classname="testngdiscussion.AnnotationsInTestNG" name="testCase2" time="0.001"/>
  <system-out>
    <![CDATA[Testing of datePicker]]>
  </system-out>
</testsuite> <!-- testngdiscussion.AnnotationsInTestNG -->
