<?xml version="1.0" encoding="UTF-8"?>
<!-- Generated by org.testng.reporters.JUnitReportReporter -->
<testsuite hostname="LAPTOP-M8MK31VD" failures="0" tests="3" name="testngdiscussion.Test2" time="0.009" errors="0" timestamp="2022-10-14T22:36:37 IST" skipped="0">
  <testcase classname="testngdiscussion.Test2" name="testCase3" time="0.001"/>
  <system-out>
    <![CDATA[This is test case 3 from Test2 class]]>
  </system-out>
  <testcase classname="testngdiscussion.Test2" name="testCase1" time="0.007"/>
  <system-out>
    <![CDATA[This is test case 1 from Test2 class]]>
  </system-out>
  <testcase classname="testngdiscussion.Test2" name="testCase2" time="0.001"/>
  <system-out>
    <![CDATA[This is test case 2 from Test2 class]]>
  </system-out>
</testsuite> <!-- testngdiscussion.Test2 -->
