<?xml version="1.0" encoding="UTF-8"?>
<!-- Generated by org.testng.reporters.JUnitReportReporter -->
<testsuite hostname="MSI" failures="0" tests="1" name="testngdiscussion.ParallelExecutionClass2" time="8.804" errors="0" timestamp="2022-11-23T16:40:58 IST" skipped="0">
  <testcase classname="testngdiscussion.ParallelExecutionClass2" name="lunchChrome2" time="8.804"/>
  <system-out/>
</testsuite> <!-- testngdiscussion.ParallelExecutionClass2 -->
