<?xml version="1.0" encoding="UTF-8"?>
<!-- Generated by org.testng.reporters.JUnitReportReporter -->
<testsuite hostname="LAPTOP-M8MK31VD" failures="0" tests="3" name="testngdiscussion.BasicTest" time="0.008" errors="0" timestamp="2022-10-09T11:47:06 IST" skipped="0">
  <testcase classname="testngdiscussion.BasicTest" name="navigateToUrl" time="0.007"/>
  <system-out>
    <![CDATA[Test cases is Navigating to url]]>
  </system-out>
  <testcase classname="testngdiscussion.BasicTest" name="login" time="0.000"/>
  <system-out/>
  <testcase classname="testngdiscussion.BasicTest" name="homePage" time="0.001"/>
  <system-out/>
</testsuite> <!-- testngdiscussion.BasicTest -->
