<?xml version="1.0" encoding="UTF-8"?>
<!-- Generated by org.testng.reporters.JUnitReportReporter -->
<testsuite hostname="MSI" failures="0" tests="2" name="testngdiscussion.ParallelExecution" time="13.020" errors="0" timestamp="2022-11-21T23:40:41 IST" skipped="0">
  <testcase classname="testngdiscussion.ParallelExecution" name="lunchChrome1" time="6.149"/>
  <system-out/>
  <testcase classname="testngdiscussion.ParallelExecution" name="lunchChrome" time="6.871"/>
  <system-out/>
</testsuite> <!-- testngdiscussion.ParallelExecution -->
