<?xml version="1.0" encoding="UTF-8"?>
<!-- Generated by org.testng.reporters.JUnitReportReporter -->
<testsuite hostname="MSI" failures="0" tests="19" name="dataprovider.dpTest" time="0.023" errors="0" timestamp="2022-11-28T17:15:20 IST" skipped="0">
  <testcase classname="dataprovider.dpTest" name="testcase" time="0.001"/>
  <system-out/>
  <testcase classname="dataprovider.dpTest" name="testcase" time="0.001"/>
  <system-out/>
  <testcase classname="dataprovider.dpTest" name="testcase" time="0.001"/>
  <system-out/>
  <testcase classname="dataprovider.dpTest" name="testcase" time="0.001"/>
  <system-out/>
  <testcase classname="dataprovider.dpTest" name="testcase" time="0.001"/>
  <system-out/>
  <testcase classname="dataprovider.dpTest" name="testcase" time="0.001"/>
  <system-out/>
  <testcase classname="dataprovider.dpTest" name="testcase" time="0.001"/>
  <system-out/>
  <testcase classname="dataprovider.dpTest" name="testcase" time="0.002"/>
  <system-out/>
  <testcase classname="dataprovider.dpTest" name="testcase" time="0.001"/>
  <system-out/>
  <testcase classname="dataprovider.dpTest" name="testcase" time="0.001"/>
  <system-out/>
  <testcase classname="dataprovider.dpTest" name="testcase" time="0.000"/>
  <system-out/>
  <testcase classname="dataprovider.dpTest" name="testcase" time="0.008"/>
  <system-out/>
  <testcase classname="dataprovider.dpTest" name="testcase" time="0.001"/>
  <system-out/>
  <testcase classname="dataprovider.dpTest" name="testcase" time="0.001"/>
  <system-out/>
  <testcase classname="dataprovider.dpTest" name="testcase" time="0.000"/>
  <system-out/>
  <testcase classname="dataprovider.dpTest" name="testcase" time="0.002"/>
  <system-out/>
  <testcase classname="dataprovider.dpTest" name="testcase" time="0.000"/>
  <system-out/>
  <testcase classname="dataprovider.dpTest" name="testcase" time="0.000"/>
  <system-out/>
  <testcase classname="dataprovider.dpTest" name="testcase" time="0.000"/>
  <system-out/>
</testsuite> <!-- dataprovider.dpTest -->
