<?xml version="1.0" encoding="UTF-8"?>
<!-- Generated by org.testng.reporters.JUnitReportReporter -->
<testsuite hostname="MSI" failures="0" tests="1" name="testngdiscussion.groupingOfTestcases1" time="0.007" errors="0" timestamp="2022-11-19T15:21:43 IST" skipped="0">
  <testcase classname="testngdiscussion.groupingOfTestcases1" name="Test1" time="0.007"/>
  <system-out>
    <![CDATA[This is Test1 Method]]>
  </system-out>
</testsuite> <!-- testngdiscussion.groupingOfTestcases1 -->
