<?xml version="1.0" encoding="UTF-8"?>
<!-- Generated by org.testng.reporters.JUnitReportReporter -->
<testsuite hostname="MSI" failures="0" tests="5" name="testngdiscussion.RunningTestCaseMultipleTimes" time="0.018" errors="0" timestamp="2022-11-18T22:33:53 IST" skipped="0">
  <testcase classname="testngdiscussion.RunningTestCaseMultipleTimes" name="Task1" time="0.001"/>
  <system-out/>
  <testcase classname="testngdiscussion.RunningTestCaseMultipleTimes" name="Task1" time="0.012"/>
  <system-out/>
  <testcase classname="testngdiscussion.RunningTestCaseMultipleTimes" name="Task1" time="0.002"/>
  <system-out/>
  <testcase classname="testngdiscussion.RunningTestCaseMultipleTimes" name="Task1" time="0.002"/>
  <system-out/>
  <testcase classname="testngdiscussion.RunningTestCaseMultipleTimes" name="Task1" time="0.001"/>
  <system-out/>
</testsuite> <!-- testngdiscussion.RunningTestCaseMultipleTimes -->
