<?xml version="1.0" encoding="UTF-8"?>
<!-- Generated by org.testng.reporters.JUnitReportReporter -->
<testsuite hostname="MSI" failures="0" tests="1" name="testngdiscussion.AssertionsInTestNG" time="16.392" errors="0" timestamp="2022-11-20T13:14:44 IST" skipped="0">
  <testcase classname="testngdiscussion.AssertionsInTestNG" name="login" time="16.392"/>
  <system-out>
    <![CDATA[Login Test]]>
  </system-out>
</testsuite> <!-- testngdiscussion.AssertionsInTestNG -->
