<?xml version="1.0" encoding="UTF-8"?>
<!-- Generated by org.testng.reporters.JUnitReportReporter -->
<testsuite hostname="MSI" failures="0" tests="2" name="testngdiscussion.ParameterInTestNG" time="0.012" errors="0" timestamp="2022-11-21T15:03:57 IST" skipped="0">
  <testcase classname="testngdiscussion.ParameterInTestNG" name="lunchBrowser" time="0.001"/>
  <system-out/>
  <testcase classname="testngdiscussion.ParameterInTestNG" name="environmentDetails" time="0.011"/>
  <system-out/>
</testsuite> <!-- testngdiscussion.ParameterInTestNG -->
