<?xml version="1.0" encoding="UTF-8"?>
<!-- Generated by org.testng.reporters.JUnitReportReporter -->
<testsuite hostname="MSI" failures="0" tests="1" name="testngdiscussion.DependsOnMethod2" time="0.001" errors="0" timestamp="2022-11-18T23:45:43 IST" skipped="0">
  <testcase classname="testngdiscussion.DependsOnMethod2" name="navigateToModule2" time="0.001"/>
  <system-out/>
</testsuite> <!-- testngdiscussion.DependsOnMethod2 -->
