<?xml version="1.0" encoding="UTF-8"?>
<!-- Generated by org.testng.reporters.JUnitReportReporter -->
<testsuite hostname="MSI" failures="0" tests="1" name="testngdiscussion.ParallelExecutionClass1" time="8.729" errors="0" timestamp="2022-11-23T16:40:58 IST" skipped="0">
  <testcase classname="testngdiscussion.ParallelExecutionClass1" name="lunchChrome1" time="8.729"/>
  <system-out/>
</testsuite> <!-- testngdiscussion.ParallelExecutionClass1 -->
