<?xml version="1.0" encoding="UTF-8"?>
<!-- Generated by org.testng.reporters.JUnitReportReporter -->
<testsuite hostname="MSI" failures="0" tests="4" name="testngdiscussion.groupingOfTestcases" time="0.004" errors="0" timestamp="2022-11-19T15:21:43 IST" skipped="0">
  <testcase classname="testngdiscussion.groupingOfTestcases" name="dashboard" time="0.001"/>
  <system-out>
    <![CDATA[dashboard Method]]>
  </system-out>
  <testcase classname="testngdiscussion.groupingOfTestcases" name="login" time="0.001"/>
  <system-out>
    <![CDATA[Login Method]]>
  </system-out>
  <testcase classname="testngdiscussion.groupingOfTestcases" name="logout" time="0.001"/>
  <system-out>
    <![CDATA[logout Method]]>
  </system-out>
  <testcase classname="testngdiscussion.groupingOfTestcases" name="navigateToUrl" time="0.001"/>
  <system-out>
    <![CDATA[Navigate to url Method]]>
  </system-out>
</testsuite> <!-- testngdiscussion.groupingOfTestcases -->
